0 verbose cli /Users/Nicholas/.nvm/versions/node/v22.22.0/bin/node /Users/Nicholas/.nvm/versions/node/v22.22.0/bin/npm
1 info using npm@10.9.4
2 info using node@v22.22.0
3 silly config load:file:/Users/Nicholas/.nvm/versions/node/v22.22.0/lib/node_modules/npm/npmrc
4 silly config load:file:/Users/Nicholas/HeartHaven/.npmrc
5 silly config load:file:/Users/Nicholas/.npmrc
6 silly config load:file:/Users/Nicholas/.nvm/versions/node/v22.22.0/etc/npmrc
7 verbose title npm audit
8 verbose argv "audit" "--cache" "/Users/Nicholas/HeartHaven/.npm-cache" "--audit-level" "moderate"
9 verbose logfile logs-max:10 dir:/Users/Nicholas/HeartHaven/.npm-cache/_logs/2026-05-11T04_43_44_627Z-
10 verbose logfile /Users/Nicholas/HeartHaven/.npm-cache/_logs/2026-05-11T04_43_44_627Z-debug-0.log
11 silly logfile done cleaning log files
12 silly packumentCache heap:4345298944 maxSize:1086324736 maxEntrySize:543162368
13 silly audit bulk request {
13 silly audit   '@alloc/quick-lru': [ '5.2.0' ],
13 silly audit   '@ast-grep/napi': [ '0.40.5' ],
13 silly audit   '@ast-grep/napi-darwin-arm64': [ '0.40.5' ],
13 silly audit   '@ast-grep/napi-darwin-x64': [ '0.40.5' ],
13 silly audit   '@ast-grep/napi-linux-arm64-gnu': [ '0.40.5' ],
13 silly audit   '@ast-grep/napi-linux-arm64-musl': [ '0.40.5' ],
13 silly audit   '@ast-grep/napi-linux-x64-gnu': [ '0.40.5' ],
13 silly audit   '@ast-grep/napi-linux-x64-musl': [ '0.40.5' ],
13 silly audit   '@ast-grep/napi-win32-arm64-msvc': [ '0.40.5' ],
13 silly audit   '@ast-grep/napi-win32-ia32-msvc': [ '0.40.5' ],
13 silly audit   '@ast-grep/napi-win32-x64-msvc': [ '0.40.5' ],
13 silly audit   '@aws-crypto/crc32': [ '5.2.0' ],
13 silly audit   '@aws-crypto/crc32c': [ '5.2.0' ],
13 silly audit   '@aws-crypto/sha1-browser': [ '5.2.0' ],
13 silly audit   '@smithy/is-array-buffer': [ '2.2.0', '4.2.2' ],
13 silly audit   '@smithy/util-buffer-from': [ '2.2.0', '4.2.2' ],
13 silly audit   '@smithy/util-utf8': [ '2.3.0', '4.2.2' ],
13 silly audit   '@aws-crypto/sha256-browser': [ '5.2.0' ],
13 silly audit   '@aws-crypto/sha256-js': [ '5.2.0' ],
13 silly audit   '@aws-crypto/supports-web-crypto': [ '5.2.0' ],
13 silly audit   '@aws-crypto/util': [ '5.2.0' ],
13 silly audit   '@aws-sdk/client-cloudfront': [ '3.984.0' ],
13 silly audit   '@aws-sdk/client-dynamodb': [ '3.984.0' ],
13 silly audit   '@aws-sdk/client-lambda': [ '3.984.0' ],
13 silly audit   '@aws-sdk/client-s3': [ '3.984.0' ],
13 silly audit   '@aws-sdk/client-sqs': [ '3.984.0' ],
13 silly audit   '@aws-sdk/core': [ '3.974.8' ],
13 silly audit   '@aws-sdk/crc64-nvme': [ '3.972.7' ],
13 silly audit   '@aws-sdk/credential-provider-env': [ '3.972.34' ],
13 silly audit   '@aws-sdk/credential-provider-http': [ '3.972.36' ],
13 silly audit   '@aws-sdk/credential-provider-ini': [ '3.972.38' ],
13 silly audit   '@aws-sdk/credential-provider-login': [ '3.972.38' ],
13 silly audit   '@aws-sdk/credential-provider-node': [ '3.972.39' ],
13 silly audit   '@aws-sdk/credential-provider-process': [ '3.972.34' ],
13 silly audit   '@aws-sdk/credential-provider-sso': [ '3.972.38' ],
13 silly audit   '@aws-sdk/credential-provider-web-identity': [ '3.972.38' ],
13 silly audit   '@aws-sdk/dynamodb-codec': [ '3.973.8' ],
13 silly audit   '@aws-sdk/endpoint-cache': [ '3.972.5' ],
13 silly audit   '@aws-sdk/middleware-bucket-endpoint': [ '3.972.10' ],
13 silly audit   '@aws-sdk/middleware-endpoint-discovery': [ '3.972.11' ],
13 silly audit   '@aws-sdk/middleware-expect-continue': [ '3.972.10' ],
13 silly audit   '@aws-sdk/middleware-flexible-checksums': [ '3.974.16' ],
13 silly audit   '@aws-sdk/middleware-host-header': [ '3.972.10' ],
13 silly audit   '@aws-sdk/middleware-location-constraint': [ '3.972.10' ],
13 silly audit   '@aws-sdk/middleware-logger': [ '3.972.10' ],
13 silly audit   '@aws-sdk/middleware-recursion-detection': [ '3.972.11' ],
13 silly audit   '@aws-sdk/middleware-sdk-s3': [ '3.972.37' ],
13 silly audit   '@aws-sdk/middleware-sdk-sqs': [ '3.972.22' ],
13 silly audit   '@aws-sdk/middleware-ssec': [ '3.972.10' ],
13 silly audit   '@aws-sdk/middleware-user-agent': [ '3.972.38' ],
13 silly audit   '@aws-sdk/util-endpoints': [ '3.996.8', '3.984.0' ],
13 silly audit   '@aws-sdk/nested-clients': [ '3.997.6' ],
13 silly audit   '@aws-sdk/signature-v4-multi-region': [ '3.996.25', '3.984.0' ],
13 silly audit   '@aws-sdk/region-config-resolver': [ '3.972.13' ],
13 silly audit   '@aws-sdk/token-providers': [ '3.1041.0' ],
13 silly audit   '@aws-sdk/types': [ '3.973.8' ],
13 silly audit   '@aws-sdk/util-arn-parser': [ '3.972.3' ],
13 silly audit   '@aws-sdk/util-locate-window': [ '3.965.5' ],
13 silly audit   '@aws-sdk/util-user-agent-browser': [ '3.972.10' ],
13 silly audit   '@aws-sdk/util-user-agent-node': [ '3.973.24' ],
13 silly audit   '@aws-sdk/xml-builder': [ '3.972.22' ],
13 silly audit   '@aws/lambda-invoke-store': [ '0.2.4' ],
13 silly audit   '@babel/code-frame': [ '7.29.0' ],
13 silly audit   '@babel/compat-data': [ '7.29.3' ],
13 silly audit   '@babel/core': [ '7.29.0' ],
13 silly audit   '@babel/generator': [ '7.29.1' ],
13 silly audit   '@babel/helper-compilation-targets': [ '7.28.6' ],
13 silly audit   '@babel/helper-globals': [ '7.28.0' ],
13 silly audit   '@babel/helper-module-imports': [ '7.28.6' ],
13 silly audit   '@babel/helper-module-transforms': [ '7.28.6' ],
13 silly audit   '@babel/helper-string-parser': [ '7.27.1' ],
13 silly audit   '@babel/helper-validator-identifier': [ '7.28.5' ],
13 silly audit   '@babel/helper-validator-option': [ '7.27.1' ],
13 silly audit   '@babel/helpers': [ '7.29.2' ],
13 silly audit   '@babel/parser': [ '7.29.3' ],
13 silly audit   '@babel/template': [ '7.28.6' ],
13 silly audit   '@babel/traverse': [ '7.29.0' ],
13 silly audit   '@babel/types': [ '7.29.0' ],
13 silly audit   '@cloudflare/kv-asset-handler': [ '0.5.0' ],
13 silly audit   '@cloudflare/unenv-preset': [ '2.16.1' ],
13 silly audit   '@cloudflare/workerd-darwin-64': [ '1.20260507.1' ],
13 silly audit   '@cloudflare/workerd-darwin-arm64': [ '1.20260507.1' ],
13 silly audit   '@cloudflare/workerd-linux-64': [ '1.20260507.1' ],
13 silly audit   '@cloudflare/workerd-linux-arm64': [ '1.20260507.1' ],
13 silly audit   '@cloudflare/workerd-windows-64': [ '1.20260507.1' ],
13 silly audit   '@cspotcode/source-map-support': [ '0.8.1' ],
13 silly audit   '@jridgewell/trace-mapping': [ '0.3.9', '0.3.31' ],
13 silly audit   '@dotenvx/dotenvx': [ '1.31.0' ],
13 silly audit   isexe: [ '3.1.5', '2.0.0' ],
13 silly audit   picomatch: [ '4.0.4', '2.3.2' ],
13 silly audit   which: [ '4.0.0', '2.0.2' ],
13 silly audit   '@ecies/ciphers': [ '0.2.6' ],
13 silly audit   '@emnapi/core': [ '1.10.0' ],
13 silly audit   '@emnapi/runtime': [ '1.10.0' ],
13 silly audit   '@emnapi/wasi-threads': [ '1.2.1' ],
13 silly audit   '@esbuild/aix-ppc64': [ '0.25.4', '0.27.3' ],
13 silly audit   '@esbuild/android-arm': [ '0.25.4', '0.27.3' ],
13 silly audit   '@esbuild/android-arm64': [ '0.25.4', '0.27.3' ],
13 silly audit   '@esbuild/android-x64': [ '0.25.4', '0.27.3' ],
13 silly audit   '@esbuild/darwin-arm64': [ '0.25.4', '0.27.3' ],
13 silly audit   '@esbuild/darwin-x64': [ '0.25.4', '0.27.3' ],
13 silly audit   '@esbuild/freebsd-arm64': [ '0.25.4', '0.27.3' ],
13 silly audit   '@esbuild/freebsd-x64': [ '0.25.4', '0.27.3' ],
13 silly audit   '@esbuild/linux-arm': [ '0.25.4', '0.27.3' ],
13 silly audit   '@esbuild/linux-arm64': [ '0.25.4', '0.27.3' ],
13 silly audit   '@esbuild/linux-ia32': [ '0.25.4', '0.27.3' ],
13 silly audit   '@esbuild/linux-loong64': [ '0.25.4', '0.27.3' ],
13 silly audit   '@esbuild/linux-mips64el': [ '0.25.4', '0.27.3' ],
13 silly audit   '@esbuild/linux-ppc64': [ '0.25.4', '0.27.3' ],
13 silly audit   '@esbuild/linux-riscv64': [ '0.25.4', '0.27.3' ],
13 silly audit   '@esbuild/linux-s390x': [ '0.25.4', '0.27.3' ],
13 silly audit   '@esbuild/linux-x64': [ '0.25.4', '0.27.3' ],
13 silly audit   '@esbuild/netbsd-arm64': [ '0.25.4', '0.27.3' ],
13 silly audit   '@esbuild/netbsd-x64': [ '0.25.4', '0.27.3' ],
13 silly audit   '@esbuild/openbsd-arm64': [ '0.25.4', '0.27.3' ],
13 silly audit   '@esbuild/openbsd-x64': [ '0.25.4', '0.27.3' ],
13 silly audit   '@esbuild/openharmony-arm64': [ '0.27.3' ],
13 silly audit   '@esbuild/sunos-x64': [ '0.25.4', '0.27.3' ],
13 silly audit   '@esbuild/win32-arm64': [ '0.25.4', '0.27.3' ],
13 silly audit   '@esbuild/win32-ia32': [ '0.25.4', '0.27.3' ],
13 silly audit   '@esbuild/win32-x64': [ '0.25.4', '0.27.3' ],
13 silly audit   '@eslint-community/eslint-utils': [ '4.9.1' ],
13 silly audit   'eslint-visitor-keys': [ '3.4.3', '5.0.1', '4.2.1' ],
13 silly audit   '@eslint-community/regexpp': [ '4.12.2' ],
13 silly audit   '@eslint/config-array': [ '0.21.2' ],
13 silly audit   '@eslint/config-helpers': [ '0.4.2' ],
13 silly audit   '@eslint/core': [ '0.17.0' ],
13 silly audit   '@eslint/eslintrc': [ '3.3.5' ],
13 silly audit   '@eslint/js': [ '9.39.4' ],
13 silly audit   '@eslint/object-schema': [ '2.1.7' ],
13 silly audit   '@eslint/plugin-kit': [ '0.4.1' ],
13 silly audit   '@humanfs/core': [ '0.19.2' ],
13 silly audit   '@humanfs/node': [ '0.16.8' ],
13 silly audit   '@humanfs/types': [ '0.15.0' ],
13 silly audit   '@humanwhocodes/module-importer': [ '1.0.1' ],
13 silly audit   '@humanwhocodes/retry': [ '0.4.3' ],
13 silly audit   '@img/colour': [ '1.1.0' ],
13 silly audit   '@img/sharp-darwin-arm64': [ '0.34.5' ],
13 silly audit   '@img/sharp-darwin-x64': [ '0.34.5' ],
13 silly audit   '@img/sharp-libvips-darwin-arm64': [ '1.2.4' ],
13 silly audit   '@img/sharp-libvips-darwin-x64': [ '1.2.4' ],
13 silly audit   '@img/sharp-libvips-linux-arm': [ '1.2.4' ],
13 silly audit   '@img/sharp-libvips-linux-arm64': [ '1.2.4' ],
13 silly audit   '@img/sharp-libvips-linux-ppc64': [ '1.2.4' ],
13 silly audit   '@img/sharp-libvips-linux-riscv64': [ '1.2.4' ],
13 silly audit   '@img/sharp-libvips-linux-s390x': [ '1.2.4' ],
13 silly audit   '@img/sharp-libvips-linux-x64': [ '1.2.4' ],
13 silly audit   '@img/sharp-libvips-linuxmusl-arm64': [ '1.2.4' ],
13 silly audit   '@img/sharp-libvips-linuxmusl-x64': [ '1.2.4' ],
13 silly audit   '@img/sharp-linux-arm': [ '0.34.5' ],
13 silly audit   '@img/sharp-linux-arm64': [ '0.34.5' ],
13 silly audit   '@img/sharp-linux-ppc64': [ '0.34.5' ],
13 silly audit   '@img/sharp-linux-riscv64': [ '0.34.5' ],
13 silly audit   '@img/sharp-linux-s390x': [ '0.34.5' ],
13 silly audit   '@img/sharp-linux-x64': [ '0.34.5' ],
13 silly audit   '@img/sharp-linuxmusl-arm64': [ '0.34.5' ],
13 silly audit   '@img/sharp-linuxmusl-x64': [ '0.34.5' ],
13 silly audit   '@img/sharp-wasm32': [ '0.34.5' ],
13 silly audit   '@img/sharp-win32-arm64': [ '0.34.5' ],
13 silly audit   '@img/sharp-win32-ia32': [ '0.34.5' ],
13 silly audit   '@img/sharp-win32-x64': [ '0.34.5' ],
13 silly audit   '@isaacs/cliui': [ '9.0.0' ],
13 silly audit   '@jridgewell/gen-mapping': [ '0.3.13' ],
13 silly audit   '@jridgewell/remapping': [ '2.3.5' ],
13 silly audit   '@jridgewell/resolve-uri': [ '3.1.2' ],
13 silly audit   '@jridgewell/source-map': [ '0.3.11' ],
13 silly audit   '@jridgewell/sourcemap-codec': [ '1.5.5' ],
13 silly audit   '@napi-rs/wasm-runtime': [ '0.2.12' ],
13 silly audit   '@next/env': [ '16.2.6' ],
13 silly audit   '@next/eslint-plugin-next': [ '16.2.6' ],
13 silly audit   '@next/swc-darwin-arm64': [ '16.2.6' ],
13 silly audit   '@next/swc-darwin-x64': [ '16.2.6' ],
13 silly audit   '@next/swc-linux-arm64-gnu': [ '16.2.6' ],
13 silly audit   '@next/swc-linux-arm64-musl': [ '16.2.6' ],
13 silly audit   '@next/swc-linux-x64-gnu': [ '16.2.6' ],
13 silly audit   '@next/swc-linux-x64-musl': [ '16.2.6' ],
13 silly audit   '@next/swc-win32-arm64-msvc': [ '16.2.6' ],
13 silly audit   '@next/swc-win32-x64-msvc': [ '16.2.6' ],
13 silly audit   '@noble/ciphers': [ '1.3.0' ],
13 silly audit   '@noble/curves': [ '1.9.7' ],
13 silly audit   '@noble/hashes': [ '1.8.0' ],
13 silly audit   '@nodable/entities': [ '2.1.0' ],
13 silly audit   '@node-minify/core': [ '8.0.6' ],
13 silly audit   'brace-expansion': [ '2.1.0', '5.0.6', '1.1.14' ],
13 silly audit   glob: [ '9.3.5', '12.0.0' ],
13 silly audit   'lru-cache': [ '10.4.3', '5.1.1', '11.3.6' ],
13 silly audit   minimatch: [ '8.0.7', '10.2.5', '3.1.5' ],
13 silly audit   minipass: [ '4.2.8', '7.1.3' ],
13 silly audit   'path-scurry': [ '1.11.1', '2.0.2' ],
13 silly audit   '@node-minify/terser': [ '8.0.6' ],
13 silly audit   '@node-minify/utils': [ '8.0.6' ],
13 silly audit   '@nodelib/fs.scandir': [ '2.1.5' ],
13 silly audit   '@nodelib/fs.stat': [ '2.0.5' ],
13 silly audit   '@nodelib/fs.walk': [ '1.2.8' ],
13 silly audit   '@nolyfill/is-core-module': [ '1.0.39' ],
13 silly audit   '@opennextjs/aws': [ '4.0.1' ],
13 silly audit   chalk: [ '5.6.2', '4.1.2' ],
13 silly audit   '@opennextjs/cloudflare': [ '1.19.8' ],
13 silly audit   '@poppinss/colors': [ '4.1.6' ],
13 silly audit   '@poppinss/dumper': [ '0.6.5' ],
13 silly audit   'supports-color': [ '10.2.2', '7.2.0' ],
13 silly audit   '@poppinss/exception': [ '1.2.3' ],
13 silly audit   '@radix-ui/react-compose-refs': [ '1.1.2' ],
13 silly audit   '@radix-ui/react-slot': [ '1.2.4' ],
13 silly audit   '@rtsao/scc': [ '1.1.0' ],
13 silly audit   '@sindresorhus/is': [ '7.2.0' ],
13 silly audit   '@smithy/chunked-blob-reader': [ '5.2.2' ],
13 silly audit   '@smithy/chunked-blob-reader-native': [ '4.2.3' ],
13 silly audit   '@smithy/config-resolver': [ '4.4.17' ],
13 silly audit   '@smithy/core': [ '3.23.17' ],
13 silly audit   '@smithy/credential-provider-imds': [ '4.2.14' ],
13 silly audit   '@smithy/eventstream-codec': [ '4.2.14' ],
13 silly audit   '@smithy/eventstream-serde-browser': [ '4.2.14' ],
13 silly audit   '@smithy/eventstream-serde-config-resolver': [ '4.3.14' ],
13 silly audit   '@smithy/eventstream-serde-node': [ '4.2.14' ],
13 silly audit   '@smithy/eventstream-serde-universal': [ '4.2.14' ],
13 silly audit   '@smithy/fetch-http-handler': [ '5.3.17' ],
13 silly audit   '@smithy/hash-blob-browser': [ '4.2.15' ],
13 silly audit   '@smithy/hash-node': [ '4.2.14' ],
13 silly audit   '@smithy/hash-stream-node': [ '4.2.14' ],
13 silly audit   '@smithy/invalid-dependency': [ '4.2.14' ],
13 silly audit   '@smithy/md5-js': [ '4.2.14' ],
13 silly audit   '@smithy/middleware-content-length': [ '4.2.14' ],
13 silly audit   '@smithy/middleware-endpoint': [ '4.4.32' ],
13 silly audit   '@smithy/middleware-retry': [ '4.5.7' ],
13 silly audit   '@smithy/middleware-serde': [ '4.2.20' ],
13 silly audit   '@smithy/middleware-stack': [ '4.2.14' ],
13 silly audit   '@smithy/node-config-provider': [ '4.3.14' ],
13 silly audit   '@smithy/node-http-handler': [ '4.6.1' ],
13 silly audit   '@smithy/property-provider': [ '4.2.14' ],
13 silly audit   '@smithy/protocol-http': [ '5.3.14' ],
13 silly audit   '@smithy/querystring-builder': [ '4.2.14' ],
13 silly audit   '@smithy/querystring-parser': [ '4.2.14' ],
13 silly audit   '@smithy/service-error-classification': [ '4.3.1' ],
13 silly audit   '@smithy/shared-ini-file-loader': [ '4.4.9' ],
13 silly audit   '@smithy/signature-v4': [ '5.3.14' ],
13 silly audit   '@smithy/smithy-client': [ '4.12.13' ],
13 silly audit   '@smithy/types': [ '4.14.1' ],
13 silly audit   '@smithy/url-parser': [ '4.2.14' ],
13 silly audit   '@smithy/util-base64': [ '4.3.2' ],
13 silly audit   '@smithy/util-body-length-browser': [ '4.2.2' ],
13 silly audit   '@smithy/util-body-length-node': [ '4.2.3' ],
13 silly audit   '@smithy/util-config-provider': [ '4.2.2' ],
13 silly audit   '@smithy/util-defaults-mode-browser': [ '4.3.49' ],
13 silly audit   '@smithy/util-defaults-mode-node': [ '4.2.54' ],
13 silly audit   '@smithy/util-endpoints': [ '3.4.2' ],
13 silly audit   '@smithy/util-hex-encoding': [ '4.2.2' ],
13 silly audit   '@smithy/util-middleware': [ '4.2.14' ],
13 silly audit   '@smithy/util-retry': [ '4.3.8' ],
13 silly audit   '@smithy/util-stream': [ '4.5.25' ],
13 silly audit   '@smithy/util-uri-escape': [ '4.2.2' ],
13 silly audit   '@smithy/util-waiter': [ '4.3.0' ],
13 silly audit   '@smithy/uuid': [ '1.1.2' ],
13 silly audit   '@speed-highlight/core': [ '1.2.15' ],
13 silly audit   '@supabase/auth-js': [ '2.105.4' ],
13 silly audit   '@supabase/functions-js': [ '2.105.4' ],
13 silly audit   '@supabase/phoenix': [ '0.4.2' ],
13 silly audit   '@supabase/postgrest-js': [ '2.105.4' ],
13 silly audit   '@supabase/realtime-js': [ '2.105.4' ],
13 silly audit   '@supabase/ssr': [ '0.10.3' ],
13 silly audit   '@supabase/storage-js': [ '2.105.4' ],
13 silly audit   '@supabase/supabase-js': [ '2.105.4' ],
13 silly audit   '@swc/helpers': [ '0.5.15' ],
13 silly audit   '@tailwindcss/node': [ '4.3.0' ],
13 silly audit   '@tailwindcss/oxide': [ '4.3.0' ],
13 silly audit   '@tailwindcss/oxide-android-arm64': [ '4.3.0' ],
13 silly audit   '@tailwindcss/oxide-darwin-arm64': [ '4.3.0' ],
13 silly audit   '@tailwindcss/oxide-darwin-x64': [ '4.3.0' ],
13 silly audit   '@tailwindcss/oxide-freebsd-x64': [ '4.3.0' ],
13 silly audit   '@tailwindcss/oxide-linux-arm-gnueabihf': [ '4.3.0' ],
13 silly audit   '@tailwindcss/oxide-linux-arm64-gnu': [ '4.3.0' ],
13 silly audit   '@tailwindcss/oxide-linux-arm64-musl': [ '4.3.0' ],
13 silly audit   '@tailwindcss/oxide-linux-x64-gnu': [ '4.3.0' ],
13 silly audit   '@tailwindcss/oxide-linux-x64-musl': [ '4.3.0' ],
13 silly audit   '@tailwindcss/oxide-wasm32-wasi': [ '4.3.0' ],
13 silly audit   '@tailwindcss/oxide-win32-arm64-msvc': [ '4.3.0' ],
13 silly audit   '@tailwindcss/oxide-win32-x64-msvc': [ '4.3.0' ],
13 silly audit   '@tailwindcss/postcss': [ '4.3.0' ],
13 silly audit   '@tsconfig/node18': [ '1.0.3' ],
13 silly audit   '@tybys/wasm-util': [ '0.10.2' ],
13 silly audit   '@types/estree': [ '1.0.9' ],
13 silly audit   '@types/json-schema': [ '7.0.15' ],
13 silly audit   '@types/json5': [ '0.0.29' ],
13 silly audit   '@types/node': [ '20.19.40', '18.19.130' ],
13 silly audit   '@types/node-fetch': [ '2.6.13' ],
13 silly audit   '@types/react': [ '19.2.14' ],
13 silly audit   '@types/react-dom': [ '19.2.3' ],
13 silly audit   '@typescript-eslint/eslint-plugin': [ '8.59.2' ],
13 silly audit   ignore: [ '7.0.5', '5.3.2' ],
13 silly audit   '@typescript-eslint/parser': [ '8.59.2' ],
13 silly audit   '@typescript-eslint/project-service': [ '8.59.2' ],
13 silly audit   '@typescript-eslint/scope-manager': [ '8.59.2' ],
13 silly audit   '@typescript-eslint/tsconfig-utils': [ '8.59.2' ],
13 silly audit   '@typescript-eslint/type-utils': [ '8.59.2' ],
13 silly audit   '@typescript-eslint/types': [ '8.59.2' ],
13 silly audit   '@typescript-eslint/typescript-estree': [ '8.59.2' ],
13 silly audit   'balanced-match': [ '4.0.4', '1.0.2' ],
13 silly audit   semver: [ '7.8.0', '6.3.1' ],
13 silly audit   '@typescript-eslint/utils': [ '8.59.2' ],
13 silly audit   '@typescript-eslint/visitor-keys': [ '8.59.2' ],
13 silly audit   '@unrs/resolver-binding-android-arm-eabi': [ '1.11.1' ],
13 silly audit   '@unrs/resolver-binding-android-arm64': [ '1.11.1' ],
13 silly audit   '@unrs/resolver-binding-darwin-arm64': [ '1.11.1' ],
13 silly audit   '@unrs/resolver-binding-darwin-x64': [ '1.11.1' ],
13 silly audit   '@unrs/resolver-binding-freebsd-x64': [ '1.11.1' ],
13 silly audit   '@unrs/resolver-binding-linux-arm-gnueabihf': [ '1.11.1' ],
13 silly audit   '@unrs/resolver-binding-linux-arm-musleabihf': [ '1.11.1' ],
13 silly audit   '@unrs/resolver-binding-linux-arm64-gnu': [ '1.11.1' ],
13 silly audit   '@unrs/resolver-binding-linux-arm64-musl': [ '1.11.1' ],
13 silly audit   '@unrs/resolver-binding-linux-ppc64-gnu': [ '1.11.1' ],
13 silly audit   '@unrs/resolver-binding-linux-riscv64-gnu': [ '1.11.1' ],
13 silly audit   '@unrs/resolver-binding-linux-riscv64-musl': [ '1.11.1' ],
13 silly audit   '@unrs/resolver-binding-linux-s390x-gnu': [ '1.11.1' ],
13 silly audit   '@unrs/resolver-binding-linux-x64-gnu': [ '1.11.1' ],
13 silly audit   '@unrs/resolver-binding-linux-x64-musl': [ '1.11.1' ],
13 silly audit   '@unrs/resolver-binding-wasm32-wasi': [ '1.11.1' ],
13 silly audit   '@unrs/resolver-binding-win32-arm64-msvc': [ '1.11.1' ],
13 silly audit   '@unrs/resolver-binding-win32-ia32-msvc': [ '1.11.1' ],
13 silly audit   '@unrs/resolver-binding-win32-x64-msvc': [ '1.11.1' ],
13 silly audit   'abort-controller': [ '3.0.0' ],
13 silly audit   accepts: [ '2.0.0' ],
13 silly audit   acorn: [ '8.16.0' ],
13 silly audit   'acorn-jsx': [ '5.3.2' ],
13 silly audit   agentkeepalive: [ '4.6.0' ],
13 silly audit   ajv: [ '6.15.0' ],
13 silly audit   'ansi-colors': [ '4.1.3' ],
13 silly audit   'ansi-regex': [ '5.0.1', '6.2.2' ],
13 silly audit   'ansi-styles': [ '4.3.0', '6.2.3' ],
13 silly audit   argparse: [ '2.0.1' ],
13 silly audit   'aria-query': [ '5.3.2' ],
13 silly audit   'array-buffer-byte-length': [ '1.0.2' ],
13 silly audit   'array-includes': [ '3.1.9' ],
13 silly audit   'array-timsort': [ '1.0.3' ],
13 silly audit   'array.prototype.findlast': [ '1.2.5' ],
13 silly audit   'array.prototype.findlastindex': [ '1.2.6' ],
13 silly audit   'array.prototype.flat': [ '1.3.3' ],
13 silly audit   'array.prototype.flatmap': [ '1.3.3' ],
13 silly audit   'array.prototype.tosorted': [ '1.1.4' ],
13 silly audit   'arraybuffer.prototype.slice': [ '1.0.4' ],
13 silly audit   'ast-types-flow': [ '0.0.8' ],
13 silly audit   'async-function': [ '1.0.0' ],
13 silly audit   asynckit: [ '0.4.0' ],
13 silly audit   'available-typed-arrays': [ '1.0.7' ],
13 silly audit   aws4fetch: [ '1.0.20' ],
13 silly audit   'axe-core': [ '4.11.4' ],
13 silly audit   'axobject-query': [ '4.1.0' ],
13 silly audit   'baseline-browser-mapping': [ '2.10.29' ],
13 silly audit   'blake3-wasm': [ '2.1.5' ],
13 silly audit   'body-parser': [ '2.2.2' ],
13 silly audit   bowser: [ '2.14.1' ],
13 silly audit   braces: [ '3.0.3' ],
13 silly audit   browserslist: [ '4.28.2' ],
13 silly audit   'buffer-from': [ '1.1.2' ],
13 silly audit   bytes: [ '3.1.2' ],
13 silly audit   'call-bind': [ '1.0.9' ],
13 silly audit   'call-bind-apply-helpers': [ '1.0.2' ],
13 silly audit   'call-bound': [ '1.0.4' ],
13 silly audit   callsites: [ '3.1.0' ],
13 silly audit   'caniuse-lite': [ '1.0.30001792' ],
13 silly audit   'ci-info': [ '4.4.0' ],
13 silly audit   'class-variance-authority': [ '0.7.1' ],
13 silly audit   'client-only': [ '0.0.1' ],
13 silly audit   cliui: [ '9.0.1' ],
13 silly audit   'strip-ansi': [ '7.2.0', '6.0.1' ],
13 silly audit   cloudflare: [ '4.5.0' ],
13 silly audit   'undici-types': [ '5.26.5', '6.21.0' ],
13 silly audit   clsx: [ '2.1.1' ],
13 silly audit   'color-convert': [ '2.0.1' ],
13 silly audit   'color-name': [ '1.1.4' ],
13 silly audit   'combined-stream': [ '1.0.8' ],
13 silly audit   commander: [ '11.1.0', '2.20.3' ],
13 silly audit   'comment-json': [ '4.6.2' ],
13 silly audit   'concat-map': [ '0.0.1' ],
13 silly audit   'content-disposition': [ '1.1.0' ],
13 silly audit   'content-type': [ '1.0.5' ],
13 silly audit   'convert-source-map': [ '2.0.0' ],
13 silly audit   cookie: [ '1.1.1', '0.7.2' ],
13 silly audit   'cookie-signature': [ '1.2.2' ],
13 silly audit   'cross-spawn': [ '7.0.6' ],
13 silly audit   csstype: [ '3.2.3' ],
13 silly audit   'damerau-levenshtein': [ '1.0.8' ],
13 silly audit   'data-view-buffer': [ '1.0.2' ],
13 silly audit   'data-view-byte-length': [ '1.0.2' ],
13 silly audit   'data-view-byte-offset': [ '1.0.1' ],
13 silly audit   debug: [ '4.4.3', '3.2.7' ],
13 silly audit   'deep-is': [ '0.1.4' ],
13 silly audit   'define-data-property': [ '1.1.4' ],
13 silly audit   'define-properties': [ '1.2.1' ],
13 silly audit   'delayed-stream': [ '1.0.0' ],
13 silly audit   depd: [ '2.0.0' ],
13 silly audit   'detect-libc': [ '2.1.2' ],
13 silly audit   doctrine: [ '2.1.0' ],
13 silly audit   dotenv: [ '16.6.1' ],
13 silly audit   'dunder-proto': [ '1.0.1' ],
13 silly audit   duplexer: [ '0.1.2' ],
13 silly audit   eciesjs: [ '0.4.18' ],
13 silly audit   'ee-first': [ '1.1.1' ],
13 silly audit   'electron-to-chromium': [ '1.5.353' ],
13 silly audit   'emoji-regex': [ '9.2.2', '10.6.0' ],
13 silly audit   encodeurl: [ '2.0.0' ],
13 silly audit   'enhanced-resolve': [ '5.21.2' ],
13 silly audit   enquirer: [ '2.4.1' ],
13 silly audit   'error-stack-parser-es': [ '1.0.5' ],
13 silly audit   'es-abstract': [ '1.24.2' ],
13 silly audit   'es-define-property': [ '1.0.1' ],
13 silly audit   'es-errors': [ '1.3.0' ],
13 silly audit   'es-iterator-helpers': [ '1.3.2' ],
13 silly audit   'es-object-atoms': [ '1.1.1' ],
13 silly audit   'es-set-tostringtag': [ '2.1.0' ],
13 silly audit   'es-shim-unscopables': [ '1.1.0' ],
13 silly audit   'es-to-primitive': [ '1.3.0' ],
13 silly audit   esbuild: [ '0.25.4', '0.27.3' ],
13 silly audit   escalade: [ '3.2.0' ],
13 silly audit   'escape-html': [ '1.0.3' ],
13 silly audit   'escape-string-regexp': [ '4.0.0' ],
13 silly audit   eslint: [ '9.39.4' ],
13 silly audit   'eslint-config-next': [ '16.2.6' ],
13 silly audit   globals: [ '16.4.0', '14.0.0' ],
13 silly audit   'eslint-import-resolver-node': [ '0.3.10' ],
13 silly audit   'eslint-import-resolver-typescript': [ '3.10.1' ],
13 silly audit   'eslint-module-utils': [ '2.12.1' ],
13 silly audit   'eslint-plugin-import': [ '2.32.0' ],
13 silly audit   'eslint-plugin-jsx-a11y': [ '6.10.2' ],
13 silly audit   'eslint-plugin-react': [ '7.37.5' ],
13 silly audit   'eslint-plugin-react-hooks': [ '7.1.1' ],
13 silly audit   'eslint-scope': [ '8.4.0' ],
13 silly audit   espree: [ '10.4.0' ],
13 silly audit   esprima: [ '4.0.1' ],
13 silly audit   esquery: [ '1.7.0' ],
13 silly audit   esrecurse: [ '4.3.0' ],
13 silly audit   estraverse: [ '5.3.0' ],
13 silly audit   esutils: [ '2.0.3' ],
13 silly audit   etag: [ '1.8.1' ],
13 silly audit   'event-target-shim': [ '5.0.1' ],
13 silly audit   eventemitter3: [ '5.0.4' ],
13 silly audit   execa: [ '5.1.1' ],
13 silly audit   express: [ '5.2.1' ],
13 silly audit   'fast-deep-equal': [ '3.1.3' ],
13 silly audit   'fast-glob': [ '3.3.1' ],
13 silly audit   'glob-parent': [ '5.1.2', '6.0.2' ],
13 silly audit   'fast-json-stable-stringify': [ '2.1.0' ],
13 silly audit   'fast-levenshtein': [ '2.0.6' ],
13 silly audit   'fast-xml-builder': [ '1.2.0' ],
13 silly audit   'fast-xml-parser': [ '5.7.2' ],
13 silly audit   fastq: [ '1.20.1' ],
13 silly audit   fdir: [ '6.5.0' ],
13 silly audit   'file-entry-cache': [ '8.0.0' ],
13 silly audit   'fill-range': [ '7.1.1' ],
13 silly audit   finalhandler: [ '2.1.1' ],
13 silly audit   'find-up': [ '5.0.0' ],
13 silly audit   'flat-cache': [ '4.0.1' ],
13 silly audit   flatted: [ '3.4.2' ],
13 silly audit   'for-each': [ '0.3.5' ],
13 silly audit   'foreground-child': [ '3.3.1' ],
13 silly audit   'signal-exit': [ '4.1.0', '3.0.7' ],
13 silly audit   'form-data': [ '4.0.5' ],
13 silly audit   'form-data-encoder': [ '1.7.2' ],
13 silly audit   'mime-db': [ '1.52.0', '1.54.0' ],
13 silly audit   'mime-types': [ '2.1.35', '3.0.2' ],
13 silly audit   'formdata-node': [ '4.4.1' ],
13 silly audit   forwarded: [ '0.2.0' ],
13 silly audit   'framer-motion': [ '12.38.0' ],
13 silly audit   fresh: [ '2.0.0' ],
13 silly audit   'fs.realpath': [ '1.0.0' ],
13 silly audit   fsevents: [ '2.3.3' ],
13 silly audit   'function-bind': [ '1.1.2' ],
13 silly audit   'function.prototype.name': [ '1.1.8' ],
13 silly audit   'functions-have-names': [ '1.2.3' ],
13 silly audit   'generator-function': [ '2.0.1' ],
13 silly audit   gensync: [ '1.0.0-beta.2' ],
13 silly audit   'get-caller-file': [ '2.0.5' ],
13 silly audit   'get-east-asian-width': [ '1.6.0' ],
13 silly audit   'get-intrinsic': [ '1.3.0' ],
13 silly audit   'get-proto': [ '1.0.1' ],
13 silly audit   'get-stream': [ '6.0.1' ],
13 silly audit   'get-symbol-description': [ '1.1.0' ],
13 silly audit   'get-tsconfig': [ '4.14.0' ],
13 silly audit   globalthis: [ '1.0.4' ],
13 silly audit   gopd: [ '1.2.0' ],
13 silly audit   'graceful-fs': [ '4.2.11' ],
13 silly audit   'gzip-size': [ '6.0.0' ],
13 silly audit   'has-bigints': [ '1.1.0' ],
13 silly audit   'has-flag': [ '4.0.0' ],
13 silly audit   'has-property-descriptors': [ '1.0.2' ],
13 silly audit   'has-proto': [ '1.2.0' ],
13 silly audit   'has-symbols': [ '1.1.0' ],
13 silly audit   'has-tostringtag': [ '1.0.2' ],
13 silly audit   hasown: [ '2.0.3' ],
13 silly audit   'hermes-estree': [ '0.25.1' ],
13 silly audit   'hermes-parser': [ '0.25.1' ],
13 silly audit   'http-errors': [ '2.0.1' ],
13 silly audit   'human-signals': [ '2.1.0' ],
13 silly audit   'humanize-ms': [ '1.2.1' ],
13 silly audit   'iceberg-js': [ '0.8.1' ],
13 silly audit   'iconv-lite': [ '0.7.2' ],
13 silly audit   'import-fresh': [ '3.3.1' ],
13 silly audit   imurmurhash: [ '0.1.4' ],
13 silly audit   inherits: [ '2.0.4' ],
13 silly audit   'internal-slot': [ '1.1.0' ],
13 silly audit   'ipaddr.js': [ '1.9.1' ],
13 silly audit   'is-array-buffer': [ '3.0.5' ],
13 silly audit   'is-async-function': [ '2.1.1' ],
13 silly audit   'is-bigint': [ '1.1.0' ],
13 silly audit   'is-boolean-object': [ '1.2.2' ],
13 silly audit   'is-bun-module': [ '2.0.0' ],
13 silly audit   'is-callable': [ '1.2.7' ],
13 silly audit   'is-core-module': [ '2.16.2' ],
13 silly audit   'is-data-view': [ '1.0.2' ],
13 silly audit   'is-date-object': [ '1.1.0' ],
13 silly audit   'is-extglob': [ '2.1.1' ],
13 silly audit   'is-finalizationregistry': [ '1.1.1' ],
13 silly audit   'is-generator-function': [ '1.1.2' ],
13 silly audit   'is-glob': [ '4.0.3' ],
13 silly audit   'is-map': [ '2.0.3' ],
13 silly audit   'is-negative-zero': [ '2.0.3' ],
13 silly audit   'is-number': [ '7.0.0' ],
13 silly audit   'is-number-object': [ '1.1.1' ],
13 silly audit   'is-promise': [ '4.0.0' ],
13 silly audit   'is-regex': [ '1.2.1' ],
13 silly audit   'is-set': [ '2.0.3' ],
13 silly audit   'is-shared-array-buffer': [ '1.0.4' ],
13 silly audit   'is-stream': [ '2.0.1' ],
13 silly audit   'is-string': [ '1.1.1' ],
13 silly audit   'is-symbol': [ '1.1.1' ],
13 silly audit   'is-typed-array': [ '1.1.15' ],
13 silly audit   'is-weakmap': [ '2.0.2' ],
13 silly audit   'is-weakref': [ '1.1.1' ],
13 silly audit   'is-weakset': [ '2.0.4' ],
13 silly audit   isarray: [ '2.0.5' ],
13 silly audit   'iterator.prototype': [ '1.1.5' ],
13 silly audit   jackspeak: [ '4.2.3' ],
13 silly audit   jiti: [ '2.7.0' ],
13 silly audit   'js-tokens': [ '4.0.0' ],
13 silly audit   'js-yaml': [ '4.1.1' ],
13 silly audit   jsesc: [ '3.1.0' ],
13 silly audit   'json-buffer': [ '3.0.1' ],
13 silly audit   'json-schema-traverse': [ '0.4.1' ],
13 silly audit   'json-stable-stringify-without-jsonify': [ '1.0.1' ],
13 silly audit   json5: [ '2.2.3', '1.0.2' ],
13 silly audit   'jsx-ast-utils': [ '3.3.5' ],
13 silly audit   keyv: [ '4.5.4' ],
13 silly audit   kleur: [ '4.1.5' ],
13 silly audit   'language-subtag-registry': [ '0.3.23' ],
13 silly audit   'language-tags': [ '1.0.9' ],
13 silly audit   levn: [ '0.4.1' ],
13 silly audit   lightningcss: [ '1.32.0' ],
13 silly audit   'lightningcss-android-arm64': [ '1.32.0' ],
13 silly audit   'lightningcss-darwin-arm64': [ '1.32.0' ],
13 silly audit   'lightningcss-darwin-x64': [ '1.32.0' ],
13 silly audit   'lightningcss-freebsd-x64': [ '1.32.0' ],
13 silly audit   'lightningcss-linux-arm-gnueabihf': [ '1.32.0' ],
13 silly audit   'lightningcss-linux-arm64-gnu': [ '1.32.0' ],
13 silly audit   'lightningcss-linux-arm64-musl': [ '1.32.0' ],
13 silly audit   'lightningcss-linux-x64-gnu': [ '1.32.0' ],
13 silly audit   'lightningcss-linux-x64-musl': [ '1.32.0' ],
13 silly audit   'lightningcss-win32-arm64-msvc': [ '1.32.0' ],
13 silly audit   'lightningcss-win32-x64-msvc': [ '1.32.0' ],
13 silly audit   'locate-path': [ '6.0.0' ],
13 silly audit   'lodash.merge': [ '4.6.2' ],
13 silly audit   'loose-envify': [ '1.4.0' ],
13 silly audit   'lucide-react': [ '1.14.0' ],
13 silly audit   'magic-string': [ '0.30.21' ],
13 silly audit   'math-intrinsics': [ '1.1.0' ],
13 silly audit   'media-typer': [ '1.1.0' ],
13 silly audit   'merge-descriptors': [ '2.0.0' ],
13 silly audit   'merge-stream': [ '2.0.0' ],
13 silly audit   merge2: [ '1.4.1' ],
13 silly audit   micromatch: [ '4.0.8' ],
13 silly audit   'mimic-fn': [ '2.1.0' ],
13 silly audit   miniflare: [ '4.20260507.1' ],
13 silly audit   minimist: [ '1.2.8' ],
13 silly audit   mkdirp: [ '1.0.4' ],
13 silly audit   mnemonist: [ '0.38.3' ],
13 silly audit   'motion-dom': [ '12.38.0' ],
13 silly audit   'motion-utils': [ '12.36.0' ],
13 silly audit   ms: [ '2.1.3' ],
13 silly audit   nanoid: [ '3.3.12' ],
13 silly audit   'napi-postinstall': [ '0.3.4' ],
13 silly audit   'natural-compare': [ '1.4.0' ],
13 silly audit   negotiator: [ '1.0.0' ],
13 silly audit   next: [ '16.2.6' ],
13 silly audit   'node-domexception': [ '1.0.0' ],
13 silly audit   'node-exports-info': [ '1.6.0' ],
13 silly audit   'node-fetch': [ '2.7.0' ],
13 silly audit   'node-releases': [ '2.0.38' ],
13 silly audit   'npm-run-path': [ '4.0.1' ],
13 silly audit   'object-assign': [ '4.1.1' ],
13 silly audit   'object-inspect': [ '1.13.4' ],
13 silly audit   'object-keys': [ '1.1.1' ],
13 silly audit   'object-treeify': [ '1.1.33' ],
13 silly audit   'object.assign': [ '4.1.7' ],
13 silly audit   'object.entries': [ '1.1.9' ],
13 silly audit   'object.fromentries': [ '2.0.8' ],
13 silly audit   'object.groupby': [ '1.0.3' ],
13 silly audit   'object.values': [ '1.2.1' ],
13 silly audit   obliterator: [ '1.6.1' ],
13 silly audit   'on-finished': [ '2.4.1' ],
13 silly audit   once: [ '1.4.0' ],
13 silly audit   onetime: [ '5.1.2' ],
13 silly audit   optionator: [ '0.9.4' ],
13 silly audit   'own-keys': [ '1.0.1' ],
13 silly audit   'p-limit': [ '3.1.0' ],
13 silly audit   'p-locate': [ '5.0.0' ],
13 silly audit   'package-json-from-dist': [ '1.0.1' ],
13 silly audit   'parent-module': [ '1.0.1' ],
13 silly audit   parseurl: [ '1.3.3' ],
13 silly audit   'path-exists': [ '4.0.0' ],
13 silly audit   'path-expression-matcher': [ '1.5.0' ],
13 silly audit   'path-key': [ '3.1.1' ],
13 silly audit   'path-parse': [ '1.0.7' ],
13 silly audit   'path-to-regexp': [ '6.3.0', '8.4.2' ],
13 silly audit   pathe: [ '2.0.3' ],
13 silly audit   phaser: [ '3.90.0' ],
13 silly audit   picocolors: [ '1.1.1' ],
13 silly audit   'possible-typed-array-names': [ '1.1.0' ],
13 silly audit   postcss: [ '8.5.14' ],
13 silly audit   'prelude-ls': [ '1.2.1' ],
13 silly audit   'prop-types': [ '15.8.1' ],
13 silly audit   'proxy-addr': [ '2.0.7' ],
13 silly audit   punycode: [ '2.3.1' ],
13 silly audit   qs: [ '6.15.1' ],
13 silly audit   'queue-microtask': [ '1.2.3' ],
13 silly audit   'range-parser': [ '1.2.1' ],
13 silly audit   'raw-body': [ '3.0.2' ],
13 silly audit   react: [ '19.2.4' ],
13 silly audit   'react-dom': [ '19.2.4' ],
13 silly audit   'react-is': [ '16.13.1' ],
13 silly audit   'reflect.getprototypeof': [ '1.0.10' ],
13 silly audit   'regexp.prototype.flags': [ '1.5.4' ],
13 silly audit   resolve: [ '2.0.0-next.6' ],
13 silly audit   'resolve-from': [ '4.0.0' ],
13 silly audit   'resolve-pkg-maps': [ '1.0.0' ],
13 silly audit   reusify: [ '1.1.0' ],
13 silly audit   router: [ '2.2.0' ],
13 silly audit   'run-parallel': [ '1.2.0' ],
13 silly audit   'safe-array-concat': [ '1.1.4' ],
13 silly audit   'safe-push-apply': [ '1.0.0' ],
13 silly audit   'safe-regex-test': [ '1.1.0' ],
13 silly audit   'safer-buffer': [ '2.1.2' ],
13 silly audit   scheduler: [ '0.27.0' ],
13 silly audit   send: [ '1.2.1' ],
13 silly audit   'serve-static': [ '2.2.1' ],
13 silly audit   'set-function-length': [ '1.2.2' ],
13 silly audit   'set-function-name': [ '2.0.2' ],
13 silly audit   'set-proto': [ '1.0.0' ],
13 silly audit   setprototypeof: [ '1.2.0' ],
13 silly audit   sharp: [ '0.34.5' ],
13 silly audit   'shebang-command': [ '2.0.0' ],
13 silly audit   'shebang-regex': [ '3.0.0' ],
13 silly audit   'side-channel': [ '1.1.0' ],
13 silly audit   'side-channel-list': [ '1.0.1' ],
13 silly audit   'side-channel-map': [ '1.0.1' ],
13 silly audit   'side-channel-weakmap': [ '1.0.2' ],
13 silly audit   'source-map': [ '0.6.1' ],
13 silly audit   'source-map-js': [ '1.2.1' ],
13 silly audit   'source-map-support': [ '0.5.21' ],
13 silly audit   'stable-hash': [ '0.0.5' ],
13 silly audit   statuses: [ '2.0.2' ],
13 silly audit   'stop-iteration-iterator': [ '1.1.0' ],
13 silly audit   'string-width': [ '7.2.0' ],
13 silly audit   'string.prototype.includes': [ '2.0.1' ],
13 silly audit   'string.prototype.matchall': [ '4.0.12' ],
13 silly audit   'string.prototype.repeat': [ '1.0.0' ],
13 silly audit   'string.prototype.trim': [ '1.2.10' ],
13 silly audit   'string.prototype.trimend': [ '1.0.9' ],
13 silly audit   'string.prototype.trimstart': [ '1.0.8' ],
13 silly audit   'strip-bom': [ '3.0.0' ],
13 silly audit   'strip-final-newline': [ '2.0.0' ],
13 silly audit   'strip-json-comments': [ '3.1.1' ],
13 silly audit   strnum: [ '2.3.0' ],
13 silly audit   'styled-jsx': [ '5.1.6' ],
13 silly audit   'supports-preserve-symlinks-flag': [ '1.0.0' ],
13 silly audit   'tailwind-merge': [ '3.6.0' ],
13 silly audit   tailwindcss: [ '4.3.0' ],
13 silly audit   tapable: [ '2.3.3' ],
13 silly audit   terser: [ '5.16.9' ],
13 silly audit   tinyglobby: [ '0.2.16' ],
13 silly audit   'to-regex-range': [ '5.0.1' ],
13 silly audit   toidentifier: [ '1.0.1' ],
13 silly audit   tr46: [ '0.0.3' ],
13 silly audit   'ts-api-utils': [ '2.5.0' ],
13 silly audit   'ts-tqdm': [ '0.8.6' ],
13 silly audit   'tsconfig-paths': [ '3.15.0' ],
13 silly audit   tslib: [ '2.8.1' ],
13 silly audit   'type-check': [ '0.4.0' ],
13 silly audit   'type-is': [ '2.0.1' ],
13 silly audit   'typed-array-buffer': [ '1.0.3' ],
13 silly audit   'typed-array-byte-length': [ '1.0.3' ],
13 silly audit   'typed-array-byte-offset': [ '1.0.4' ],
13 silly audit   'typed-array-length': [ '1.0.7' ],
13 silly audit   typescript: [ '5.9.3' ],
13 silly audit   'typescript-eslint': [ '8.59.2' ],
13 silly audit   'unbox-primitive': [ '1.1.0' ],
13 silly audit   undici: [ '7.24.8' ],
13 silly audit   unenv: [ '2.0.0-rc.24' ],
13 silly audit   unpipe: [ '1.0.0' ],
13 silly audit   'unrs-resolver': [ '1.11.1' ],
13 silly audit   'update-browserslist-db': [ '1.2.3' ],
13 silly audit   'uri-js': [ '4.4.1' ],
13 silly audit   'urlpattern-polyfill': [ '10.1.0' ],
13 silly audit   vary: [ '1.1.2' ],
13 silly audit   'web-streams-polyfill': [ '4.0.0-beta.3' ],
13 silly audit   'webidl-conversions': [ '3.0.1' ],
13 silly audit   'whatwg-url': [ '5.0.0' ],
13 silly audit   'which-boxed-primitive': [ '1.1.1' ],
13 silly audit   'which-builtin-type': [ '1.2.1' ],
13 silly audit   'which-collection': [ '1.0.2' ],
13 silly audit   'which-typed-array': [ '1.1.20' ],
13 silly audit   'word-wrap': [ '1.2.5' ],
13 silly audit   workerd: [ '1.20260507.1' ],
13 silly audit   wrangler: [ '4.90.0' ],
13 silly audit   'wrap-ansi': [ '9.0.2' ],
13 silly audit   wrappy: [ '1.0.2' ],
13 silly audit   ws: [ '8.18.0' ],
13 silly audit   'xml-naming': [ '0.1.0' ],
13 silly audit   y18n: [ '5.0.8' ],
13 silly audit   yallist: [ '3.1.1' ],
13 silly audit   yaml: [ '2.8.4' ],
13 silly audit   yargs: [ '18.0.0' ],
13 silly audit   'yargs-parser': [ '22.0.0' ],
13 silly audit   'yocto-queue': [ '0.1.0' ],
13 silly audit   youch: [ '4.1.0-beta.10' ],
13 silly audit   'youch-core': [ '0.3.3' ],
13 silly audit   zod: [ '4.4.3' ],
13 silly audit   'zod-validation-error': [ '4.0.2' ]
13 silly audit }
14 http fetch POST 200 https://registry.npmjs.org/-/npm/v1/security/advisories/bulk 297ms
15 silly audit report {}
16 verbose cwd /Users/Nicholas/HeartHaven
17 verbose os Darwin 25.4.0
18 verbose node v22.22.0
19 verbose npm  v10.9.4
20 verbose exit 0
21 info ok
